Arguments: 
  /usr/bin/node /usr/share/yarn/bin/yarn.js add @types/tsyringe -D

PATH: 
  /home/tavares/.zinit/polaris/sbin:/home/tavares/.zinit/polaris/bin:/home/linuxbrew/.linuxbrew/bin:/home/linuxbrew/.linuxbrew/sbin:/usr/local/sbin:/usr/local/bin:/usr/sbin:/usr/bin:/sbin:/bin:/usr/games:/usr/local/games:/snap/bin:/home/tavares/android-studio/bin:/home/tavares/Android/Sdk/emulator:/home/tavares/Android/Sdk/tools:/home/tavares/Android/Sdk/tools/bin:/home/tavares/Android/Sdk/platform-tools:/home/tavares/.yarn/bin:/home/tavares/android-studio/bin:/home/tavares/Android/Sdk/emulator:/home/tavares/Android/Sdk/tools:/home/tavares/Android/Sdk/tools/bin:/home/tavares/Android/Sdk/platform-tools:/home/tavares/.yarn/bin

Yarn version: 
  1.22.5

Node version: 
  12.19.0

Platform: 
  linux x64

Trace: 
  Error: https://registry.yarnpkg.com/@types%2ftsyringe: Not found
      at Request.params.callback [as _callback] (/usr/share/yarn/lib/cli.js:66988:18)
      at Request.self.callback (/usr/share/yarn/lib/cli.js:140749:22)
      at Request.emit (events.js:314:20)
      at Request.<anonymous> (/usr/share/yarn/lib/cli.js:141721:10)
      at Request.emit (events.js:314:20)
      at IncomingMessage.<anonymous> (/usr/share/yarn/lib/cli.js:141643:12)
      at Object.onceWrapper (events.js:420:28)
      at IncomingMessage.emit (events.js:326:22)
      at endReadableNT (_stream_readable.js:1223:12)
      at processTicksAndRejections (internal/process/task_queues.js:84:21)

npm manifest: 
  {
    "dependencies": {
      "i": "^0.3.6",
      "tsyringe": "^4.4.0"
    }
  }

yarn manifest: 
  No manifest

Lockfile: 
  # THIS IS AN AUTOGENERATED FILE. DO NOT EDIT THIS FILE DIRECTLY.
  # yarn lockfile v1
  
  
  i@^0.3.6:
    version "0.3.6"
    resolved "https://registry.yarnpkg.com/i/-/i-0.3.6.tgz#d96c92732076f072711b6b10fd7d4f65ad8ee23d"
    integrity sha1-2WyScyB28HJxG2sQ/X1PZa2O4j0=
  
  tslib@^1.9.3:
    version "1.14.1"
    resolved "https://registry.yarnpkg.com/tslib/-/tslib-1.14.1.tgz#cf2d38bdc34a134bcaf1091c41f6619e2f672d00"
    integrity sha512-Xni35NKzjgMrwevysHTCArtLDpPvye8zV/0E4EyYn43P7/7qvQwPh9BGkHewbMulVntbigmcT7rdX3BNo9wRJg==
  
  tsyringe@^4.4.0:
    version "4.4.0"
    resolved "https://registry.yarnpkg.com/tsyringe/-/tsyringe-4.4.0.tgz#cd8a6866316b4cf643ee5e72c41c8a221ccea73d"
    integrity sha512-SlMApe1lhIq546CDp7bF+IdF4RB6d+9C5T7B0AS0P/Bm+Qpizj/gEmZzvw9J/KlXPEt4qHTbi1TRvX3rCPSdTg==
    dependencies:
      tslib "^1.9.3"
